::1 - - [05/Nov/2024:22:44:29 +1000] "GET /index.php HTTP/1.1" 404 196
::1 - - [05/Nov/2024:22:45:11 +1000] "GET /Web%20APP/OOP%20lessons/Lesson1/index.php HTTP/1.1" 200 869
::1 - - [05/Nov/2024:22:45:11 +1000] "GET /Web%20APP/OOP%20lessons/Lesson1/css/style.css HTTP/1.1" 404 196
::1 - - [05/Nov/2024:22:45:11 +1000] "GET /Web%20APP/OOP%20lessons/Lesson1/javascrpit/script.js HTTP/1.1" 404 196
::1 - - [05/Nov/2024:22:50:05 +1000] "GET /Web%20APP/OOP%20lessons/Lesson1/index.php HTTP/1.1" 200 869
::1 - - [05/Nov/2024:22:50:05 +1000] "GET /Web%20APP/OOP%20lessons/Lesson1/css/style.css HTTP/1.1" 404 196
::1 - - [05/Nov/2024:22:50:05 +1000] "GET /Web%20APP/OOP%20lessons/Lesson1/javascrpit/script.js HTTP/1.1" 404 196
::1 - - [05/Nov/2024:22:50:06 +1000] "GET /Web%20APP/OOP%20lessons/Lesson1/index.php HTTP/1.1" 200 869
::1 - - [05/Nov/2024:22:50:06 +1000] "GET /Web%20APP/OOP%20lessons/Lesson1/css/style.css HTTP/1.1" 404 196
::1 - - [05/Nov/2024:22:50:06 +1000] "GET /Web%20APP/OOP%20lessons/Lesson1/javascrpit/script.js HTTP/1.1" 404 196
::1 - - [05/Nov/2024:22:50:06 +1000] "GET /Web%20APP/OOP%20lessons/Lesson1/index.php HTTP/1.1" 200 869
::1 - - [05/Nov/2024:22:50:07 +1000] "GET /Web%20APP/OOP%20lessons/Lesson1/css/style.css HTTP/1.1" 404 196
::1 - - [05/Nov/2024:22:50:07 +1000] "GET /Web%20APP/OOP%20lessons/Lesson1/javascrpit/script.js HTTP/1.1" 404 196
::1 - - [05/Nov/2024:22:50:07 +1000] "GET /Web%20APP/OOP%20lessons/Lesson1/index.php HTTP/1.1" 200 869
::1 - - [05/Nov/2024:22:50:07 +1000] "GET /Web%20APP/OOP%20lessons/Lesson1/css/style.css HTTP/1.1" 404 196
::1 - - [05/Nov/2024:22:50:07 +1000] "GET /Web%20APP/OOP%20lessons/Lesson1/javascrpit/script.js HTTP/1.1" 404 196
::1 - - [05/Nov/2024:23:09:12 +1000] "GET /Web%20APP/OOP%20lessons/Lesson1/index.php HTTP/1.1" 200 869
::1 - - [05/Nov/2024:23:09:12 +1000] "GET /Web%20APP/OOP%20lessons/Lesson1/javascrpit/script.js HTTP/1.1" 404 196
::1 - - [05/Nov/2024:23:09:12 +1000] "GET /Web%20APP/OOP%20lessons/Lesson1/css/style.css HTTP/1.1" 404 196
::1 - - [05/Nov/2024:23:09:14 +1000] "GET /Web%20APP/OOP%20lessons/Lesson1/index.php HTTP/1.1" 200 869
::1 - - [05/Nov/2024:23:09:14 +1000] "GET /Web%20APP/OOP%20lessons/Lesson1/javascrpit/script.js HTTP/1.1" 404 196
::1 - - [05/Nov/2024:23:09:14 +1000] "GET /Web%20APP/OOP%20lessons/Lesson1/css/style.css HTTP/1.1" 404 196
::1 - - [05/Nov/2024:23:09:15 +1000] "GET /Web%20APP/OOP%20lessons/Lesson1/index.php HTTP/1.1" 200 869
::1 - - [05/Nov/2024:23:09:15 +1000] "GET /Web%20APP/OOP%20lessons/Lesson1/javascrpit/script.js HTTP/1.1" 404 196
::1 - - [05/Nov/2024:23:09:15 +1000] "GET /Web%20APP/OOP%20lessons/Lesson1/css/style.css HTTP/1.1" 404 196
::1 - - [05/Nov/2024:23:09:23 +1000] "GET /Web%20APP/OOP%20lessons/Lesson1/index.php HTTP/1.1" 200 869
::1 - - [05/Nov/2024:23:09:23 +1000] "GET /Web%20APP/OOP%20lessons/Lesson1/javascrpit/script.js HTTP/1.1" 404 196
::1 - - [05/Nov/2024:23:09:23 +1000] "GET /Web%20APP/OOP%20lessons/Lesson1/css/style.css HTTP/1.1" 404 196
::1 - - [05/Nov/2024:23:09:27 +1000] "GET /Web%20APP/OOP%20lessons/Lesson1/index.php HTTP/1.1" 200 869
::1 - - [05/Nov/2024:23:09:27 +1000] "GET /Web%20APP/OOP%20lessons/Lesson1/css/style.css HTTP/1.1" 404 196
::1 - - [05/Nov/2024:23:09:27 +1000] "GET /Web%20APP/OOP%20lessons/Lesson1/javascrpit/script.js HTTP/1.1" 404 196
::1 - - [05/Nov/2024:23:09:30 +1000] "GET /Web%20APP/OOP%20lessons/Lesson1/index.php HTTP/1.1" 200 869
::1 - - [05/Nov/2024:23:09:30 +1000] "GET /Web%20APP/OOP%20lessons/Lesson1/javascrpit/script.js HTTP/1.1" 404 196
::1 - - [05/Nov/2024:23:09:30 +1000] "GET /Web%20APP/OOP%20lessons/Lesson1/css/style.css HTTP/1.1" 404 196
::1 - - [05/Nov/2024:23:10:42 +1000] "GET /Web%20APP/OOP%20lessons/Lesson1/index.php HTTP/1.1" 200 929
::1 - - [05/Nov/2024:23:10:42 +1000] "GET /Web%20APP/OOP%20lessons/Lesson1/Web%20APP/OOP%20lessons/Lesson1/style.css HTTP/1.1" 404 196
::1 - - [05/Nov/2024:23:10:42 +1000] "GET /Web%20APP/OOP%20lessons/Lesson1/Web%20APP/OOP%20lessons/Lesson1/javascrpit/script.js HTTP/1.1" 404 196
::1 - - [05/Nov/2024:23:10:44 +1000] "GET /Web%20APP/OOP%20lessons/Lesson1/index.php HTTP/1.1" 200 929
::1 - - [05/Nov/2024:23:10:44 +1000] "GET /Web%20APP/OOP%20lessons/Lesson1/Web%20APP/OOP%20lessons/Lesson1/style.css HTTP/1.1" 404 196
::1 - - [05/Nov/2024:23:10:44 +1000] "GET /Web%20APP/OOP%20lessons/Lesson1/Web%20APP/OOP%20lessons/Lesson1/javascrpit/script.js HTTP/1.1" 404 196
::1 - - [05/Nov/2024:23:10:45 +1000] "GET /Web%20APP/OOP%20lessons/Lesson1/about.php HTTP/1.1" 404 196
::1 - - [05/Nov/2024:23:10:47 +1000] "GET /Web%20APP/OOP%20lessons/Lesson1/index.php HTTP/1.1" 200 929
::1 - - [05/Nov/2024:23:10:47 +1000] "GET /Web%20APP/OOP%20lessons/Lesson1/Web%20APP/OOP%20lessons/Lesson1/style.css HTTP/1.1" 404 196
::1 - - [05/Nov/2024:23:10:47 +1000] "GET /Web%20APP/OOP%20lessons/Lesson1/Web%20APP/OOP%20lessons/Lesson1/javascrpit/script.js HTTP/1.1" 404 196
::1 - - [05/Nov/2024:23:10:48 +1000] "GET /Web%20APP/OOP%20lessons/Lesson1/index.php HTTP/1.1" 200 929
::1 - - [05/Nov/2024:23:10:48 +1000] "GET /Web%20APP/OOP%20lessons/Lesson1/Web%20APP/OOP%20lessons/Lesson1/javascrpit/script.js HTTP/1.1" 404 196
::1 - - [05/Nov/2024:23:10:48 +1000] "GET /Web%20APP/OOP%20lessons/Lesson1/Web%20APP/OOP%20lessons/Lesson1/style.css HTTP/1.1" 404 196
::1 - - [05/Nov/2024:23:10:49 +1000] "GET /Web%20APP/OOP%20lessons/Lesson1/index.php HTTP/1.1" 200 929
::1 - - [05/Nov/2024:23:10:49 +1000] "GET /Web%20APP/OOP%20lessons/Lesson1/Web%20APP/OOP%20lessons/Lesson1/style.css HTTP/1.1" 404 196
::1 - - [05/Nov/2024:23:10:49 +1000] "GET /Web%20APP/OOP%20lessons/Lesson1/Web%20APP/OOP%20lessons/Lesson1/javascrpit/script.js HTTP/1.1" 404 196
::1 - - [05/Nov/2024:23:11:17 +1000] "GET /Web%20APP/OOP%20lessons/Lesson1/index.php HTTP/1.1" 200 929
::1 - - [05/Nov/2024:23:11:17 +1000] "GET /Web%20APP/OOP%20lessons/Lesson1/Web%20APP/OOP%20lessons/Lesson1/javascrpit/script.js HTTP/1.1" 404 196
::1 - - [05/Nov/2024:23:11:17 +1000] "GET /Web%20APP/OOP%20lessons/Lesson1/Web%20APP/OOP%20lessons/Lesson1/style.css HTTP/1.1" 404 196
::1 - - [05/Nov/2024:23:11:18 +1000] "GET /Web%20APP/OOP%20lessons/Lesson1/index.php HTTP/1.1" 200 929
::1 - - [05/Nov/2024:23:11:18 +1000] "GET /Web%20APP/OOP%20lessons/Lesson1/Web%20APP/OOP%20lessons/Lesson1/javascrpit/script.js HTTP/1.1" 404 196
::1 - - [05/Nov/2024:23:11:18 +1000] "GET /Web%20APP/OOP%20lessons/Lesson1/Web%20APP/OOP%20lessons/Lesson1/style.css HTTP/1.1" 404 196
::1 - - [05/Nov/2024:23:11:29 +1000] "GET /Web%20APP/OOP%20lessons/Lesson1/index.php HTTP/1.1" 200 929
::1 - - [05/Nov/2024:23:11:29 +1000] "GET /Web%20APP/OOP%20lessons/Lesson1/Web%20APP/OOP%20lessons/Lesson1/style.css HTTP/1.1" 404 196
::1 - - [05/Nov/2024:23:11:29 +1000] "GET /Web%20APP/OOP%20lessons/Lesson1/Web%20APP/OOP%20lessons/Lesson1/javascrpit/script.js HTTP/1.1" 404 196
::1 - - [05/Nov/2024:23:12:13 +1000] "GET /Web%20APP/OOP%20lessons/Lesson1/index.php HTTP/1.1" 200 902
::1 - - [05/Nov/2024:23:12:13 +1000] "GET /Web%20APP/OOP%20lessons/Lesson1/css/styles.css HTTP/1.1" 200 921
::1 - - [05/Nov/2024:23:12:13 +1000] "GET /Web%20APP/OOP%20lessons/Lesson1/Web%20APP/OOP%20lessons/Lesson1/javascrpit/script.js HTTP/1.1" 404 196
::1 - - [05/Nov/2024:23:12:49 +1000] "GET /Web%20APP/OOP%20lessons/Lesson1/index.php HTTP/1.1" 200 870
::1 - - [05/Nov/2024:23:12:49 +1000] "GET /Web%20APP/OOP%20lessons/Lesson1/css/styles.css HTTP/1.1" 304 -
::1 - - [05/Nov/2024:23:12:49 +1000] "GET /Web%20APP/OOP%20lessons/Lesson1/javascrpit/script.js HTTP/1.1" 404 196
::1 - - [05/Nov/2024:23:13:58 +1000] "GET /Web%20APP/OOP%20lessons/Lesson1/index.php HTTP/1.1" 200 874
::1 - - [05/Nov/2024:23:13:58 +1000] "GET /Web%20APP/OOP%20lessons/Lesson1/css/styles.css HTTP/1.1" 304 -
::1 - - [05/Nov/2024:23:13:58 +1000] "GET /Web%20APP/OOP%20lessons/Lesson1/javascrpit/script.js HTTP/1.1" 404 196
::1 - - [05/Nov/2024:23:14:08 +1000] "GET /Web%20APP/OOP%20lessons/Lesson1/index.php HTTP/1.1" 200 874
::1 - - [05/Nov/2024:23:14:08 +1000] "GET /Web%20APP/OOP%20lessons/Lesson1/javascrpit/script.js HTTP/1.1" 404 196
::1 - - [05/Nov/2024:23:14:17 +1000] "GET /Web%20APP/OOP%20lessons/Lesson1/index.php HTTP/1.1" 200 874
::1 - - [05/Nov/2024:23:14:17 +1000] "GET /Web%20APP/OOP%20lessons/Lesson1/css/styles.css HTTP/1.1" 304 -
::1 - - [05/Nov/2024:23:14:17 +1000] "GET /Web%20APP/OOP%20lessons/Lesson1/javascrpit/script.js HTTP/1.1" 404 196
::1 - - [05/Nov/2024:23:14:35 +1000] "GET /Web%20APP/OOP%20lessons/Lesson1/index.php HTTP/1.1" 200 874
::1 - - [05/Nov/2024:23:14:35 +1000] "GET /Web%20APP/OOP%20lessons/Lesson1/css/styles.css HTTP/1.1" 200 919
::1 - - [05/Nov/2024:23:14:35 +1000] "GET /Web%20APP/OOP%20lessons/Lesson1/javascrpit/script.js HTTP/1.1" 404 196
::1 - - [05/Nov/2024:23:14:36 +1000] "GET /Web%20APP/OOP%20lessons/Lesson1/index.php HTTP/1.1" 200 874
::1 - - [05/Nov/2024:23:14:36 +1000] "GET /Web%20APP/OOP%20lessons/Lesson1/css/styles.css HTTP/1.1" 304 -
::1 - - [05/Nov/2024:23:14:36 +1000] "GET /Web%20APP/OOP%20lessons/Lesson1/javascrpit/script.js HTTP/1.1" 404 196
::1 - - [05/Nov/2024:23:14:40 +1000] "GET /Web%20APP/OOP%20lessons/Lesson1/index.php HTTP/1.1" 200 874
::1 - - [05/Nov/2024:23:14:40 +1000] "GET /Web%20APP/OOP%20lessons/Lesson1/css/styles.css HTTP/1.1" 200 917
::1 - - [05/Nov/2024:23:14:40 +1000] "GET /Web%20APP/OOP%20lessons/Lesson1/javascrpit/script.js HTTP/1.1" 404 196
::1 - - [05/Nov/2024:23:14:40 +1000] "GET /Web%20APP/OOP%20lessons/Lesson1/index.php HTTP/1.1" 200 874
::1 - - [05/Nov/2024:23:14:40 +1000] "GET /Web%20APP/OOP%20lessons/Lesson1/css/styles.css HTTP/1.1" 304 -
::1 - - [05/Nov/2024:23:14:40 +1000] "GET /Web%20APP/OOP%20lessons/Lesson1/javascrpit/script.js HTTP/1.1" 404 196
::1 - - [05/Nov/2024:23:15:19 +1000] "GET /Web%20APP/OOP%20lessons/Lesson1/index.php HTTP/1.1" 200 874
::1 - - [05/Nov/2024:23:15:19 +1000] "GET /Web%20APP/OOP%20lessons/Lesson1/css/styles.css HTTP/1.1" 200 919
::1 - - [05/Nov/2024:23:15:19 +1000] "GET /Web%20APP/OOP%20lessons/Lesson1/javascrpit/script.js HTTP/1.1" 404 196
::1 - - [05/Nov/2024:23:15:25 +1000] "GET /Web%20APP/OOP%20lessons/Lesson1/index.php HTTP/1.1" 200 874
::1 - - [05/Nov/2024:23:15:25 +1000] "GET /Web%20APP/OOP%20lessons/Lesson1/css/styles.css HTTP/1.1" 304 -
::1 - - [05/Nov/2024:23:15:25 +1000] "GET /Web%20APP/OOP%20lessons/Lesson1/javascrpit/script.js HTTP/1.1" 404 196
::1 - - [05/Nov/2024:23:15:28 +1000] "GET /Web%20APP/OOP%20lessons/Lesson1/index.php HTTP/1.1" 200 874
::1 - - [05/Nov/2024:23:15:28 +1000] "GET /Web%20APP/OOP%20lessons/Lesson1/css/styles.css HTTP/1.1" 200 917
::1 - - [05/Nov/2024:23:15:28 +1000] "GET /Web%20APP/OOP%20lessons/Lesson1/javascrpit/script.js HTTP/1.1" 404 196
::1 - - [05/Nov/2024:23:16:02 +1000] "GET /Web%20APP/OOP%20lessons/Lesson1/index.php HTTP/1.1" 200 878
::1 - - [05/Nov/2024:23:16:02 +1000] "GET /Web%20APP/OOP%20lessons/Lesson1/css/styles.css HTTP/1.1" 304 -
::1 - - [05/Nov/2024:23:16:02 +1000] "GET /Web%20APP/OOP%20lessons/Lesson1/javascrpit/script.js HTTP/1.1" 404 196
::1 - - [05/Nov/2024:23:16:21 +1000] "GET /Web%20APP/OOP%20lessons/Lesson1/index.php HTTP/1.1" 200 878
::1 - - [05/Nov/2024:23:16:21 +1000] "GET /Web%20APP/OOP%20lessons/Lesson1/css/styles.css HTTP/1.1" 200 917
::1 - - [05/Nov/2024:23:16:21 +1000] "GET /Web%20APP/OOP%20lessons/Lesson1/javascrpit/script.js HTTP/1.1" 404 196
::1 - - [05/Nov/2024:23:16:22 +1000] "GET /Web%20APP/OOP%20lessons/Lesson1/index.php HTTP/1.1" 200 878
::1 - - [05/Nov/2024:23:16:22 +1000] "GET /Web%20APP/OOP%20lessons/Lesson1/css/styles.css HTTP/1.1" 304 -
::1 - - [05/Nov/2024:23:16:22 +1000] "GET /Web%20APP/OOP%20lessons/Lesson1/javascrpit/script.js HTTP/1.1" 404 196
::1 - - [05/Nov/2024:23:17:13 +1000] "GET /Web%20APP/OOP%20lessons/Lesson1/index.php HTTP/1.1" 200 878
::1 - - [05/Nov/2024:23:17:13 +1000] "GET /Web%20APP/OOP%20lessons/Lesson1/css/styles.css HTTP/1.1" 200 917
::1 - - [05/Nov/2024:23:17:13 +1000] "GET /Web%20APP/OOP%20lessons/Lesson1/javascrpit/script.js HTTP/1.1" 404 196
::1 - - [05/Nov/2024:23:17:45 +1000] "GET /Web%20APP/OOP%20lessons/Lesson1/index.php HTTP/1.1" 200 878
::1 - - [05/Nov/2024:23:17:45 +1000] "GET /Web%20APP/OOP%20lessons/Lesson1/css/styles.css HTTP/1.1" 200 917
::1 - - [05/Nov/2024:23:17:45 +1000] "GET /Web%20APP/OOP%20lessons/Lesson1/javascrpit/script.js HTTP/1.1" 404 196
::1 - - [05/Nov/2024:23:17:45 +1000] "GET /Web%20APP/OOP%20lessons/Lesson1/index.php HTTP/1.1" 200 878
::1 - - [05/Nov/2024:23:17:45 +1000] "GET /Web%20APP/OOP%20lessons/Lesson1/css/styles.css HTTP/1.1" 304 -
::1 - - [05/Nov/2024:23:17:45 +1000] "GET /Web%20APP/OOP%20lessons/Lesson1/javascrpit/script.js HTTP/1.1" 404 196
::1 - - [05/Nov/2024:23:17:55 +1000] "GET /Web%20APP/OOP%20lessons/Lesson1/index.php HTTP/1.1" 200 878
::1 - - [05/Nov/2024:23:17:55 +1000] "GET /Web%20APP/OOP%20lessons/Lesson1/css/styles.css HTTP/1.1" 200 917
::1 - - [05/Nov/2024:23:17:55 +1000] "GET /Web%20APP/OOP%20lessons/Lesson1/javascrpit/script.js HTTP/1.1" 404 196
::1 - - [05/Nov/2024:23:17:55 +1000] "GET /Web%20APP/OOP%20lessons/Lesson1/index.php HTTP/1.1" 200 878
::1 - - [05/Nov/2024:23:17:55 +1000] "GET /Web%20APP/OOP%20lessons/Lesson1/css/styles.css HTTP/1.1" 304 -
::1 - - [05/Nov/2024:23:17:55 +1000] "GET /Web%20APP/OOP%20lessons/Lesson1/javascrpit/script.js HTTP/1.1" 404 196
::1 - - [05/Nov/2024:23:17:56 +1000] "GET /Web%20APP/OOP%20lessons/Lesson1/index.php HTTP/1.1" 200 878
::1 - - [05/Nov/2024:23:17:56 +1000] "GET /Web%20APP/OOP%20lessons/Lesson1/css/styles.css HTTP/1.1" 304 -
::1 - - [05/Nov/2024:23:17:56 +1000] "GET /Web%20APP/OOP%20lessons/Lesson1/javascrpit/script.js HTTP/1.1" 404 196
::1 - - [05/Nov/2024:23:17:56 +1000] "GET /Web%20APP/OOP%20lessons/Lesson1/index.php HTTP/1.1" 200 878
::1 - - [05/Nov/2024:23:17:56 +1000] "GET /Web%20APP/OOP%20lessons/Lesson1/javascrpit/script.js HTTP/1.1" 404 196
::1 - - [05/Nov/2024:23:18:15 +1000] "GET /Web%20APP/OOP%20lessons/Lesson1/index.php HTTP/1.1" 200 878
::1 - - [05/Nov/2024:23:18:15 +1000] "GET /Web%20APP/OOP%20lessons/Lesson1/css/styles.css HTTP/1.1" 200 917
::1 - - [05/Nov/2024:23:18:15 +1000] "GET /Web%20APP/OOP%20lessons/Lesson1/javascrpit/script.js HTTP/1.1" 404 196
::1 - - [05/Nov/2024:23:18:26 +1000] "GET /Web%20APP/OOP%20lessons/Lesson1/index.php HTTP/1.1" 200 878
::1 - - [05/Nov/2024:23:18:26 +1000] "GET /Web%20APP/OOP%20lessons/Lesson1/css/styles.css HTTP/1.1" 200 923
::1 - - [05/Nov/2024:23:18:26 +1000] "GET /Web%20APP/OOP%20lessons/Lesson1/javascrpit/script.js HTTP/1.1" 404 196
::1 - - [05/Nov/2024:23:18:27 +1000] "GET /Web%20APP/OOP%20lessons/Lesson1/index.php HTTP/1.1" 200 878
::1 - - [05/Nov/2024:23:18:27 +1000] "GET /Web%20APP/OOP%20lessons/Lesson1/css/styles.css HTTP/1.1" 304 -
::1 - - [05/Nov/2024:23:18:27 +1000] "GET /Web%20APP/OOP%20lessons/Lesson1/javascrpit/script.js HTTP/1.1" 404 196
::1 - - [05/Nov/2024:23:18:37 +1000] "GET /Web%20APP/OOP%20lessons/Lesson1/index.php HTTP/1.1" 200 878
::1 - - [05/Nov/2024:23:18:37 +1000] "GET /Web%20APP/OOP%20lessons/Lesson1/css/styles.css HTTP/1.1" 200 927
::1 - - [05/Nov/2024:23:18:37 +1000] "GET /Web%20APP/OOP%20lessons/Lesson1/javascrpit/script.js HTTP/1.1" 404 196
::1 - - [05/Nov/2024:23:18:37 +1000] "GET /Web%20APP/OOP%20lessons/Lesson1/index.php HTTP/1.1" 200 878
::1 - - [05/Nov/2024:23:18:37 +1000] "GET /Web%20APP/OOP%20lessons/Lesson1/css/styles.css HTTP/1.1" 304 -
::1 - - [05/Nov/2024:23:18:37 +1000] "GET /Web%20APP/OOP%20lessons/Lesson1/javascrpit/script.js HTTP/1.1" 404 196
::1 - - [05/Nov/2024:23:18:52 +1000] "GET /Web%20APP/OOP%20lessons/Lesson1/index.php HTTP/1.1" 200 878
::1 - - [05/Nov/2024:23:18:52 +1000] "GET /Web%20APP/OOP%20lessons/Lesson1/css/styles.css HTTP/1.1" 200 922
::1 - - [05/Nov/2024:23:18:52 +1000] "GET /Web%20APP/OOP%20lessons/Lesson1/javascrpit/script.js HTTP/1.1" 404 196
::1 - - [05/Nov/2024:23:19:01 +1000] "GET /Web%20APP/OOP%20lessons/Lesson1/index.php HTTP/1.1" 200 878
::1 - - [05/Nov/2024:23:19:01 +1000] "GET /Web%20APP/OOP%20lessons/Lesson1/css/styles.css HTTP/1.1" 200 921
::1 - - [05/Nov/2024:23:19:01 +1000] "GET /Web%20APP/OOP%20lessons/Lesson1/javascrpit/script.js HTTP/1.1" 404 196
::1 - - [05/Nov/2024:23:25:39 +1000] "GET /Web%20APP/OOP%20lessons/Lesson1/index.php HTTP/1.1" 200 1107
::1 - - [05/Nov/2024:23:25:39 +1000] "GET /Web%20APP/OOP%20lessons/Lesson1/css/styles.css HTTP/1.1" 200 1141
::1 - - [05/Nov/2024:23:25:39 +1000] "GET /Web%20APP/OOP%20lessons/Lesson1/javascrpit/script.js HTTP/1.1" 404 196
::1 - - [05/Nov/2024:23:26:30 +1000] "GET /Web%20APP/OOP%20lessons/Lesson1/index.php HTTP/1.1" 200 1107
::1 - - [05/Nov/2024:23:26:30 +1000] "GET /Web%20APP/OOP%20lessons/Lesson1/css/styles.css HTTP/1.1" 304 -
::1 - - [05/Nov/2024:23:26:30 +1000] "GET /Web%20APP/OOP%20lessons/Lesson1/javascrpit/script.js HTTP/1.1" 404 196
::1 - - [05/Nov/2024:23:26:31 +1000] "GET /Web%20APP/OOP%20lessons/Lesson1/index.php HTTP/1.1" 200 1107
::1 - - [05/Nov/2024:23:26:31 +1000] "GET /Web%20APP/OOP%20lessons/Lesson1/javascrpit/script.js HTTP/1.1" 404 196
::1 - - [05/Nov/2024:23:26:35 +1000] "GET /Web%20APP/OOP%20lessons/Lesson1/index.php HTTP/1.1" 200 1107
::1 - - [05/Nov/2024:23:26:35 +1000] "GET /Web%20APP/OOP%20lessons/Lesson1/javascrpit/script.js HTTP/1.1" 404 196
::1 - - [05/Nov/2024:23:26:37 +1000] "GET /Web%20APP/OOP%20lessons/Lesson1/index.php HTTP/1.1" 200 1107
::1 - - [05/Nov/2024:23:26:37 +1000] "GET /Web%20APP/OOP%20lessons/Lesson1/css/styles.css HTTP/1.1" 200 1141
::1 - - [05/Nov/2024:23:26:37 +1000] "GET /Web%20APP/OOP%20lessons/Lesson1/javascrpit/script.js HTTP/1.1" 404 196
::1 - - [05/Nov/2024:23:26:58 +1000] "GET /Web%20APP/OOP%20lessons/Lesson1/index.php HTTP/1.1" 200 1107
::1 - - [05/Nov/2024:23:26:58 +1000] "GET /Web%20APP/OOP%20lessons/Lesson1/css/styles.css HTTP/1.1" 200 1141
::1 - - [05/Nov/2024:23:26:58 +1000] "GET /Web%20APP/OOP%20lessons/Lesson1/javascrpit/script.js HTTP/1.1" 404 196
::1 - - [05/Nov/2024:23:27:21 +1000] "GET /Web%20APP/OOP%20lessons/Lesson1/index.php HTTP/1.1" 200 1107
::1 - - [05/Nov/2024:23:27:21 +1000] "GET /Web%20APP/OOP%20lessons/Lesson1/css/styles.css HTTP/1.1" 200 1141
::1 - - [05/Nov/2024:23:27:21 +1000] "GET /Web%20APP/OOP%20lessons/Lesson1/javascrpit/script.js HTTP/1.1" 404 196
::1 - - [05/Nov/2024:23:30:03 +1000] "GET /Web%20APP/OOP%20lessons/Lesson1/index.php HTTP/1.1" 200 1144
::1 - - [05/Nov/2024:23:30:03 +1000] "GET /Web%20APP/OOP%20lessons/Lesson1/css/styles.css HTTP/1.1" 200 1290
::1 - - [05/Nov/2024:23:30:03 +1000] "GET /Web%20APP/OOP%20lessons/Lesson1/javascrpit/script.js HTTP/1.1" 404 196
::1 - - [05/Nov/2024:23:35:59 +1000] "GET /Web%20APP/OOP%20lessons/Lesson1/index.php HTTP/1.1" 200 1110
::1 - - [05/Nov/2024:23:35:59 +1000] "GET /Web%20APP/OOP%20lessons/Lesson1/css/styles.css HTTP/1.1" 304 -
::1 - - [05/Nov/2024:23:35:59 +1000] "GET /Web%20APP/OOP%20lessons/Lesson1/javascrpit/script.js HTTP/1.1" 404 196
::1 - - [05/Nov/2024:23:36:00 +1000] "GET /Web%20APP/OOP%20lessons/Lesson1/index.php HTTP/1.1" 200 1110
::1 - - [05/Nov/2024:23:36:00 +1000] "GET /Web%20APP/OOP%20lessons/Lesson1/javascrpit/script.js HTTP/1.1" 404 196
::1 - - [05/Nov/2024:23:36:00 +1000] "GET /Web%20APP/OOP%20lessons/Lesson1/index.php HTTP/1.1" 200 1110
::1 - - [05/Nov/2024:23:36:00 +1000] "GET /Web%20APP/OOP%20lessons/Lesson1/javascrpit/script.js HTTP/1.1" 404 196
::1 - - [05/Nov/2024:23:39:09 +1000] "GET /Web%20APP/OOP%20lessons/Lesson1/index.php HTTP/1.1" 200 1110
::1 - - [05/Nov/2024:23:39:09 +1000] "GET /Web%20APP/OOP%20lessons/Lesson1/css/styles.css HTTP/1.1" 304 -
::1 - - [05/Nov/2024:23:39:09 +1000] "GET /Web%20APP/OOP%20lessons/Lesson1/javascrpit/script.js HTTP/1.1" 404 196
::1 - - [05/Nov/2024:23:39:10 +1000] "GET /Web%20APP/OOP%20lessons/Lesson1/index.php HTTP/1.1" 200 1110
::1 - - [05/Nov/2024:23:39:10 +1000] "GET /Web%20APP/OOP%20lessons/Lesson1/javascrpit/script.js HTTP/1.1" 404 196
::1 - - [05/Nov/2024:23:39:11 +1000] "GET /Web%20APP/OOP%20lessons/Lesson1/about.php HTTP/1.1" 200 1148
::1 - - [05/Nov/2024:23:39:11 +1000] "GET /Web%20APP/OOP%20lessons/Lesson1/javascrpit/script.js HTTP/1.1" 404 196
::1 - - [05/Nov/2024:23:39:11 +1000] "GET /Web%20APP/OOP%20lessons/Lesson1/contact.php HTTP/1.1" 200 1147
::1 - - [05/Nov/2024:23:39:11 +1000] "GET /Web%20APP/OOP%20lessons/Lesson1/javascrpit/script.js HTTP/1.1" 404 196
::1 - - [05/Nov/2024:23:39:12 +1000] "GET /Web%20APP/OOP%20lessons/Lesson1/index.php HTTP/1.1" 200 1110
::1 - - [05/Nov/2024:23:39:12 +1000] "GET /Web%20APP/OOP%20lessons/Lesson1/javascrpit/script.js HTTP/1.1" 404 196
::1 - - [05/Nov/2024:23:39:13 +1000] "GET /Web%20APP/OOP%20lessons/Lesson1/about.php HTTP/1.1" 200 1148
::1 - - [05/Nov/2024:23:39:13 +1000] "GET /Web%20APP/OOP%20lessons/Lesson1/javascrpit/script.js HTTP/1.1" 404 196
::1 - - [05/Nov/2024:23:39:13 +1000] "GET /Web%20APP/OOP%20lessons/Lesson1/contact.php HTTP/1.1" 200 1147
::1 - - [05/Nov/2024:23:39:13 +1000] "GET /Web%20APP/OOP%20lessons/Lesson1/javascrpit/script.js HTTP/1.1" 404 196
::1 - - [05/Nov/2024:23:39:14 +1000] "GET /Web%20APP/OOP%20lessons/Lesson1/index.php HTTP/1.1" 200 1110
::1 - - [05/Nov/2024:23:39:14 +1000] "GET /Web%20APP/OOP%20lessons/Lesson1/javascrpit/script.js HTTP/1.1" 404 196
::1 - - [05/Nov/2024:23:41:15 +1000] "GET /Web%20APP/OOP%20lessons/Lesson1/index.php HTTP/1.1" 200 1110
::1 - - [05/Nov/2024:23:41:15 +1000] "GET /Web%20APP/OOP%20lessons/Lesson1/css/styles.css HTTP/1.1" 304 -
::1 - - [05/Nov/2024:23:41:15 +1000] "GET /Web%20APP/OOP%20lessons/Lesson1/javascrpit/script.js HTTP/1.1" 404 196
::1 - - [05/Nov/2024:23:41:16 +1000] "GET /Web%20APP/OOP%20lessons/Lesson1/index.php HTTP/1.1" 200 1110
::1 - - [05/Nov/2024:23:41:16 +1000] "GET /Web%20APP/OOP%20lessons/Lesson1/javascrpit/script.js HTTP/1.1" 404 196
::1 - - [05/Nov/2024:23:41:17 +1000] "GET /Web%20APP/OOP%20lessons/Lesson1/about.php HTTP/1.1" 200 1267
::1 - - [05/Nov/2024:23:41:17 +1000] "GET /Web%20APP/OOP%20lessons/Lesson1/javascrpit/script.js HTTP/1.1" 404 196
::1 - - [05/Nov/2024:23:41:17 +1000] "GET /Web%20APP/OOP%20lessons/Lesson1/contact.php HTTP/1.1" 200 1266
::1 - - [05/Nov/2024:23:41:17 +1000] "GET /Web%20APP/OOP%20lessons/Lesson1/javascrpit/script.js HTTP/1.1" 404 196
::1 - - [05/Nov/2024:23:41:18 +1000] "GET /Web%20APP/OOP%20lessons/Lesson1/index.php HTTP/1.1" 200 1110
::1 - - [05/Nov/2024:23:41:19 +1000] "GET /Web%20APP/OOP%20lessons/Lesson1/javascrpit/script.js HTTP/1.1" 404 196
::1 - - [05/Nov/2024:23:41:32 +1000] "GET /Web%20APP/OOP%20lessons/Lesson1/about.php HTTP/1.1" 200 1267
::1 - - [05/Nov/2024:23:41:32 +1000] "GET /Web%20APP/OOP%20lessons/Lesson1/javascrpit/script.js HTTP/1.1" 404 196
::1 - - [05/Nov/2024:23:41:32 +1000] "GET /Web%20APP/OOP%20lessons/Lesson1/contact.php HTTP/1.1" 200 1266
::1 - - [05/Nov/2024:23:41:32 +1000] "GET /Web%20APP/OOP%20lessons/Lesson1/javascrpit/script.js HTTP/1.1" 404 196
::1 - - [05/Nov/2024:23:42:32 +1000] "-" 408 -
::1 - - [05/Nov/2024:23:55:24 +1000] "GET /Web%20APP/OOP%20lessons/Lesson1/contact.php HTTP/1.1" 200 1266
::1 - - [05/Nov/2024:23:55:24 +1000] "GET /Web%20APP/OOP%20lessons/Lesson1/css/styles.css HTTP/1.1" 304 -
::1 - - [05/Nov/2024:23:55:24 +1000] "GET /Web%20APP/OOP%20lessons/Lesson1/javascrpit/script.js HTTP/1.1" 404 196
::1 - - [05/Nov/2024:23:57:05 +1000] "GET /Web%20APP/OOP%20lessons/Lesson1/contact.php HTTP/1.1" 200 1266
::1 - - [05/Nov/2024:23:57:05 +1000] "GET /Web%20APP/OOP%20lessons/Lesson1/javascrpit/script.js HTTP/1.1" 404 196
::1 - - [05/Nov/2024:23:57:07 +1000] "GET /Web%20APP/OOP%20lessons/Lesson1/contact.php HTTP/1.1" 200 1266
::1 - - [05/Nov/2024:23:57:07 +1000] "GET /Web%20APP/OOP%20lessons/Lesson1/javascrpit/script.js HTTP/1.1" 404 196
::1 - - [05/Nov/2024:23:57:07 +1000] "GET /Web%20APP/OOP%20lessons/Lesson1/about.php HTTP/1.1" 200 1267
::1 - - [05/Nov/2024:23:57:07 +1000] "GET /Web%20APP/OOP%20lessons/Lesson1/javascrpit/script.js HTTP/1.1" 404 196
::1 - - [05/Nov/2024:23:57:08 +1000] "GET /Web%20APP/OOP%20lessons/Lesson1/contact.php HTTP/1.1" 200 1266
::1 - - [05/Nov/2024:23:57:08 +1000] "GET /Web%20APP/OOP%20lessons/Lesson1/javascrpit/script.js HTTP/1.1" 404 196
::1 - - [05/Nov/2024:23:57:08 +1000] "GET /Web%20APP/OOP%20lessons/Lesson1/index.php HTTP/1.1" 200 2151
::1 - - [05/Nov/2024:23:57:08 +1000] "GET /Web%20APP/OOP%20lessons/Lesson1/products/coding.jpg HTTP/1.1" 200 29450
::1 - - [05/Nov/2024:23:57:08 +1000] "GET /Web%20APP/OOP%20lessons/Lesson1/javascrpit/script.js HTTP/1.1" 404 196
::1 - - [05/Nov/2024:23:57:09 +1000] "GET /Web%20APP/OOP%20lessons/Lesson1/about.php HTTP/1.1" 200 1267
::1 - - [05/Nov/2024:23:57:09 +1000] "GET /Web%20APP/OOP%20lessons/Lesson1/javascrpit/script.js HTTP/1.1" 404 196
::1 - - [05/Nov/2024:23:57:10 +1000] "GET /Web%20APP/OOP%20lessons/Lesson1/contact.php HTTP/1.1" 200 1266
::1 - - [05/Nov/2024:23:57:10 +1000] "GET /Web%20APP/OOP%20lessons/Lesson1/javascrpit/script.js HTTP/1.1" 404 196
::1 - - [05/Nov/2024:23:57:10 +1000] "GET /Web%20APP/OOP%20lessons/Lesson1/index.php HTTP/1.1" 200 2151
::1 - - [05/Nov/2024:23:57:10 +1000] "GET /Web%20APP/OOP%20lessons/Lesson1/javascrpit/script.js HTTP/1.1" 404 196
::1 - - [05/Nov/2024:23:59:22 +1000] "GET /Web%20APP/OOP%20lessons/Lesson1/index.php HTTP/1.1" 200 2151
::1 - - [05/Nov/2024:23:59:22 +1000] "GET /Web%20APP/OOP%20lessons/Lesson1/css/styles.css HTTP/1.1" 200 1337
::1 - - [05/Nov/2024:23:59:22 +1000] "GET /Web%20APP/OOP%20lessons/Lesson1/javascrpit/script.js HTTP/1.1" 404 196
::1 - - [05/Nov/2024:23:59:27 +1000] "GET /Web%20APP/OOP%20lessons/Lesson1/index.php HTTP/1.1" 200 2151
::1 - - [05/Nov/2024:23:59:27 +1000] "GET /Web%20APP/OOP%20lessons/Lesson1/javascrpit/script.js HTTP/1.1" 404 196
::1 - - [05/Nov/2024:23:59:38 +1000] "GET /Web%20APP/OOP%20lessons/Lesson1/index.php HTTP/1.1" 200 2151
::1 - - [05/Nov/2024:23:59:38 +1000] "GET /Web%20APP/OOP%20lessons/Lesson1/css/styles.css HTTP/1.1" 200 1391
::1 - - [05/Nov/2024:23:59:38 +1000] "GET /Web%20APP/OOP%20lessons/Lesson1/javascrpit/script.js HTTP/1.1" 404 196
::1 - - [06/Nov/2024:00:00:06 +1000] "GET /Web%20APP/OOP%20lessons/Lesson1/index.php HTTP/1.1" 200 2151
::1 - - [06/Nov/2024:00:00:06 +1000] "GET /Web%20APP/OOP%20lessons/Lesson1/css/styles.css HTTP/1.1" 200 1431
::1 - - [06/Nov/2024:00:00:06 +1000] "GET /Web%20APP/OOP%20lessons/Lesson1/javascrpit/script.js HTTP/1.1" 404 196
::1 - - [06/Nov/2024:00:01:33 +1000] "GET /Web%20APP/OOP%20lessons/Lesson1/index.php HTTP/1.1" 200 2151
::1 - - [06/Nov/2024:00:01:33 +1000] "GET /Web%20APP/OOP%20lessons/Lesson1/css/styles.css HTTP/1.1" 304 -
::1 - - [06/Nov/2024:00:01:33 +1000] "GET /Web%20APP/OOP%20lessons/Lesson1/javascrpit/script.js HTTP/1.1" 404 196
::1 - - [06/Nov/2024:00:01:38 +1000] "GET /Web%20APP/OOP%20lessons/Lesson1/index.php HTTP/1.1" 200 2151
::1 - - [06/Nov/2024:00:01:38 +1000] "GET /Web%20APP/OOP%20lessons/Lesson1/javascrpit/script.js HTTP/1.1" 404 196
::1 - - [06/Nov/2024:00:01:54 +1000] "GET /Web%20APP/OOP%20lessons/Lesson1/index.php HTTP/1.1" 200 2151
::1 - - [06/Nov/2024:00:01:54 +1000] "GET /Web%20APP/OOP%20lessons/Lesson1/css/styles.css HTTP/1.1" 200 1594
::1 - - [06/Nov/2024:00:01:54 +1000] "GET /Web%20APP/OOP%20lessons/Lesson1/javascrpit/script.js HTTP/1.1" 404 196
::1 - - [06/Nov/2024:00:03:08 +1000] "GET /Web%20APP/OOP%20lessons/Lesson1/index.php HTTP/1.1" 200 2151
::1 - - [06/Nov/2024:00:03:08 +1000] "GET /Web%20APP/OOP%20lessons/Lesson1/css/styles.css HTTP/1.1" 200 1681
::1 - - [06/Nov/2024:00:03:08 +1000] "GET /Web%20APP/OOP%20lessons/Lesson1/javascrpit/script.js HTTP/1.1" 404 196
::1 - - [06/Nov/2024:00:04:29 +1000] "GET /Web%20APP/OOP%20lessons/Lesson1/index.php HTTP/1.1" 200 2151
::1 - - [06/Nov/2024:00:04:29 +1000] "GET /Web%20APP/OOP%20lessons/Lesson1/css/styles.css HTTP/1.1" 200 1826
::1 - - [06/Nov/2024:00:04:29 +1000] "GET /Web%20APP/OOP%20lessons/Lesson1/javascrpit/script.js HTTP/1.1" 404 196
::1 - - [06/Nov/2024:00:07:10 +1000] "GET /Web%20APP/OOP%20lessons/Lesson1/index.php HTTP/1.1" 200 2151
::1 - - [06/Nov/2024:00:07:10 +1000] "GET /Web%20APP/OOP%20lessons/Lesson1/css/styles.css HTTP/1.1" 200 2036
::1 - - [06/Nov/2024:00:07:10 +1000] "GET /Web%20APP/OOP%20lessons/Lesson1/javascrpit/script.js HTTP/1.1" 404 196
::1 - - [06/Nov/2024:00:08:29 +1000] "GET /Web%20APP/OOP%20lessons/Lesson1/index.php HTTP/1.1" 200 2151
::1 - - [06/Nov/2024:00:08:29 +1000] "GET /Web%20APP/OOP%20lessons/Lesson1/css/styles.css HTTP/1.1" 200 2114
::1 - - [06/Nov/2024:00:08:29 +1000] "GET /Web%20APP/OOP%20lessons/Lesson1/javascrpit/script.js HTTP/1.1" 404 196
::1 - - [06/Nov/2024:00:10:49 +1000] "GET /Web%20APP/OOP%20lessons/Lesson1/index.php HTTP/1.1" 200 2151
::1 - - [06/Nov/2024:00:10:49 +1000] "GET /Web%20APP/OOP%20lessons/Lesson1/css/styles.css HTTP/1.1" 200 2316
::1 - - [06/Nov/2024:00:10:49 +1000] "GET /Web%20APP/OOP%20lessons/Lesson1/javascrpit/script.js HTTP/1.1" 404 196
::1 - - [06/Nov/2024:00:11:36 +1000] "GET /Web%20APP/OOP%20lessons/Lesson1/index.php HTTP/1.1" 200 2151
::1 - - [06/Nov/2024:00:11:36 +1000] "GET /Web%20APP/OOP%20lessons/Lesson1/css/styles.css HTTP/1.1" 200 2385
::1 - - [06/Nov/2024:00:11:36 +1000] "GET /Web%20APP/OOP%20lessons/Lesson1/javascrpit/script.js HTTP/1.1" 404 196
::1 - - [06/Nov/2024:00:11:36 +1000] "GET /Web%20APP/OOP%20lessons/Lesson1/index.php HTTP/1.1" 200 2151
::1 - - [06/Nov/2024:00:11:36 +1000] "GET /Web%20APP/OOP%20lessons/Lesson1/css/styles.css HTTP/1.1" 304 -
::1 - - [06/Nov/2024:00:11:36 +1000] "GET /Web%20APP/OOP%20lessons/Lesson1/javascrpit/script.js HTTP/1.1" 404 196
::1 - - [06/Nov/2024:00:13:09 +1000] "GET /Web%20APP/OOP%20lessons/Lesson1/index.php HTTP/1.1" 200 2151
::1 - - [06/Nov/2024:00:13:09 +1000] "GET /Web%20APP/OOP%20lessons/Lesson1/css/styles.css HTTP/1.1" 200 2540
::1 - - [06/Nov/2024:00:13:09 +1000] "GET /Web%20APP/OOP%20lessons/Lesson1/javascrpit/script.js HTTP/1.1" 404 196
::1 - - [06/Nov/2024:00:13:12 +1000] "GET /Web%20APP/OOP%20lessons/Lesson1/index.php HTTP/1.1" 200 2151
::1 - - [06/Nov/2024:00:13:12 +1000] "GET /Web%20APP/OOP%20lessons/Lesson1/css/styles.css HTTP/1.1" 304 -
::1 - - [06/Nov/2024:00:13:12 +1000] "GET /Web%20APP/OOP%20lessons/Lesson1/javascrpit/script.js HTTP/1.1" 404 196
::1 - - [06/Nov/2024:00:13:22 +1000] "GET /Web%20APP/OOP%20lessons/Lesson1/index.php HTTP/1.1" 200 2151
::1 - - [06/Nov/2024:00:13:22 +1000] "GET /Web%20APP/OOP%20lessons/Lesson1/css/styles.css HTTP/1.1" 200 2540
::1 - - [06/Nov/2024:00:13:22 +1000] "GET /Web%20APP/OOP%20lessons/Lesson1/javascrpit/script.js HTTP/1.1" 404 196
::1 - - [06/Nov/2024:00:13:24 +1000] "GET /Web%20APP/OOP%20lessons/Lesson1/index.php HTTP/1.1" 200 2151
::1 - - [06/Nov/2024:00:13:24 +1000] "GET /Web%20APP/OOP%20lessons/Lesson1/css/styles.css HTTP/1.1" 304 -
::1 - - [06/Nov/2024:00:13:24 +1000] "GET /Web%20APP/OOP%20lessons/Lesson1/javascrpit/script.js HTTP/1.1" 404 196
::1 - - [06/Nov/2024:00:13:34 +1000] "GET /Web%20APP/OOP%20lessons/Lesson1/index.php HTTP/1.1" 200 2151
::1 - - [06/Nov/2024:00:13:34 +1000] "GET /Web%20APP/OOP%20lessons/Lesson1/css/styles.css HTTP/1.1" 200 2540
::1 - - [06/Nov/2024:00:13:34 +1000] "GET /Web%20APP/OOP%20lessons/Lesson1/javascrpit/script.js HTTP/1.1" 404 196
::1 - - [06/Nov/2024:00:14:33 +1000] "GET /Web%20APP/OOP%20lessons/Lesson1/index.php HTTP/1.1" 200 2183
::1 - - [06/Nov/2024:00:14:33 +1000] "GET /Web%20APP/OOP%20lessons/Lesson1/css/styles.css HTTP/1.1" 304 -
::1 - - [06/Nov/2024:00:14:33 +1000] "GET /Web%20APP/OOP%20lessons/Lesson1/javascrpit/script.js HTTP/1.1" 404 196
::1 - - [06/Nov/2024:00:14:57 +1000] "GET /Web%20APP/OOP%20lessons/Lesson1/index.php HTTP/1.1" 200 2183
::1 - - [06/Nov/2024:00:14:57 +1000] "GET /Web%20APP/OOP%20lessons/Lesson1/css/styles.css HTTP/1.1" 304 -
::1 - - [06/Nov/2024:00:14:57 +1000] "GET /Web%20APP/OOP%20lessons/Lesson1/javascrpit/script.js HTTP/1.1" 404 196
::1 - - [06/Nov/2024:00:15:17 +1000] "GET /Web%20APP/OOP%20lessons/Lesson1/index.php HTTP/1.1" 200 2183
::1 - - [06/Nov/2024:00:15:17 +1000] "GET /Web%20APP/OOP%20lessons/Lesson1/css/styles.css HTTP/1.1" 304 -
::1 - - [06/Nov/2024:00:15:17 +1000] "GET /Web%20APP/OOP%20lessons/Lesson1/javascrpit/script.js HTTP/1.1" 404 196
::1 - - [06/Nov/2024:00:15:18 +1000] "GET /Web%20APP/OOP%20lessons/Lesson1/about.php HTTP/1.1" 200 1267
::1 - - [06/Nov/2024:00:15:18 +1000] "GET /Web%20APP/OOP%20lessons/Lesson1/javascrpit/script.js HTTP/1.1" 404 196
::1 - - [06/Nov/2024:00:15:18 +1000] "GET /Web%20APP/OOP%20lessons/Lesson1/contact.php HTTP/1.1" 200 1266
::1 - - [06/Nov/2024:00:15:18 +1000] "GET /Web%20APP/OOP%20lessons/Lesson1/javascrpit/script.js HTTP/1.1" 404 196
::1 - - [06/Nov/2024:00:15:19 +1000] "GET /Web%20APP/OOP%20lessons/Lesson1/about.php HTTP/1.1" 200 1267
::1 - - [06/Nov/2024:00:15:19 +1000] "GET /Web%20APP/OOP%20lessons/Lesson1/javascrpit/script.js HTTP/1.1" 404 196
::1 - - [06/Nov/2024:00:15:19 +1000] "GET /Web%20APP/OOP%20lessons/Lesson1/index.php HTTP/1.1" 200 2183
::1 - - [06/Nov/2024:00:15:19 +1000] "GET /Web%20APP/OOP%20lessons/Lesson1/javascrpit/script.js HTTP/1.1" 404 196
::1 - - [06/Nov/2024:00:35:25 +1000] "GET /Web%20APP/OOP%20lessons/Lesson1/index.php HTTP/1.1" 200 714
::1 - - [06/Nov/2024:00:36:25 +1000] "-" 408 -
::1 - - [06/Nov/2024:00:36:33 +1000] "GET /Web%20APP/OOP%20lessons/Lesson1/index.php HTTP/1.1" 200 1661
::1 - - [06/Nov/2024:00:36:33 +1000] "GET /Web%20APP/OOP%20lessons/Lesson1/css/styles.css HTTP/1.1" 304 -
::1 - - [06/Nov/2024:00:37:33 +1000] "-" 408 -
