AH00558: httpd.exe: Could not reliably determine the server's fully qualified domain name, using fe80::2897:b5d0:7323:adc. Set the 'ServerName' directive globally to suppress this message
[Tue Nov 05 22:44:24.442810 2024] [mpm_winnt:notice] [pid 17012:tid 392] AH00455: Apache/2.4.62 (Win64) PHP/8.3.13 configured -- resuming normal operations
[Tue Nov 05 22:44:24.442810 2024] [mpm_winnt:notice] [pid 17012:tid 392] AH00456: Apache Lounge VS17 Server built: Sep  4 2024 10:31:52
[Tue Nov 05 22:44:24.442810 2024] [core:notice] [pid 17012:tid 392] AH00094: Command line: 'C:\\Apache24\\bin\\httpd.exe -d C:/Apache24'
[Tue Nov 05 22:44:24.443785 2024] [mpm_winnt:notice] [pid 17012:tid 392] AH00418: Parent: Created child process 18000
AH00558: httpd.exe: Could not reliably determine the server's fully qualified domain name, using fe80::2897:b5d0:7323:adc. Set the 'ServerName' directive globally to suppress this message
Apache server shutdown initiated...
ly determine the server's fully qualified domain name, using fe80::2897:b5d0:7323:adc. Set the 'ServerName' directive globally to suppress this message
[Tue Nov 05 22:44:24.838329 2024] [mpm_winnt:notice] [pid 18000:tid 420] AH00354: Child: Starting 64 worker threads.
[Tue Nov 05 22:44:29.707632 2024] [php:error] [pid 18000:tid 1248] [client ::1:8343] script 'C:/Users/Grigory/Documents/VS CODE/VS-CODE/localhost/index.php' not found or unable to stat
[Tue Nov 05 22:48:10.896079 2024] [mpm_winnt:notice] [pid 17012:tid 392] AH00422: Parent: Received shutdown signal -- Shutting down the server.
[Tue Nov 05 22:48:12.922513 2024] [mpm_winnt:notice] [pid 18000:tid 420] AH00364: Child: All worker threads have exited.
[Tue Nov 05 22:48:12.942045 2024] [mpm_winnt:notice] [pid 17012:tid 392] AH00430: Parent: Child process 18000 exited successfully.
AH00558: httpd.exe: Could not reliably determine the server's fully qualified domain name, using fe80::2897:b5d0:7323:adc. Set the 'ServerName' directive globally to suppress this message
[Tue Nov 05 22:49:18.046244 2024] [mpm_winnt:notice] [pid 14824:tid 388] AH00455: Apache/2.4.62 (Win64) PHP/8.3.13 configured -- resuming normal operations
[Tue Nov 05 22:49:18.046244 2024] [mpm_winnt:notice] [pid 14824:tid 388] AH00456: Apache Lounge VS17 Server built: Sep  4 2024 10:31:52
[Tue Nov 05 22:49:18.046244 2024] [core:notice] [pid 14824:tid 388] AH00094: Command line: 'C:\\Apache24\\bin\\httpd.exe -d C:/Apache24'
[Tue Nov 05 22:49:18.048198 2024] [mpm_winnt:notice] [pid 14824:tid 388] AH00418: Parent: Created child process 4816
AH00558: httpd.exe: Could not reliably determine the server's fully qualified domain name, using fe80::2897:b5d0:7323:adc. Set the 'ServerName' directive globally to suppress this message
AH00558: httpd.exe: Could not reliably determine the server's fully qualified domain name, using fe80::2897:b5d0:7323:adc. Set the 'ServerName' directive globally to suppress this message
[Tue Nov 05 22:49:18.438347 2024] [mpm_winnt:notice] [pid 4816:tid 424] AH00354: Child: Starting 64 worker threads.
